[T 13:30:00 24414] Reading configuration file /Users/cwai/Desktop/spring-petclinic/java-database/working/tracing/compiler-tracing11668440509964073557.spec...
[T 13:30:00 24414] CodeQL CLI version 2.8.4
[T 13:30:00 24414] Initialising tags...
[T 13:30:00 24414] ID set to 0000000000005F5E_0000000000000001 (parent root)
[T 13:30:00 24414] Reading configuration file /Users/cwai/Desktop/spring-petclinic/java-database/working/tracing/compiler-tracing11668440509964073557.spec...
[T 13:30:00 24414] Initialising tags...
[T 13:30:00 24414] ID set to 0000000000005F5E_0000000000000002 (parent root)
[T 13:30:00 24414] Warning: SEMMLE_EXEC and SEMMLE_EXECP not set. Falling back to path lookup on argv[0].
[T 13:30:00 24414] ==== Candidate to intercept: /usr/local/Caskroom/codeql/2.8.4/codeql/tools/osx64/runner-osx (canonical: /usr/local/Caskroom/codeql/2.8.4/codeql/tools/osx64/runner-osx) ====
[T 13:30:00 24415] Attempting to switch stdout/stderr to 3...
/Users/cwai/Desktop/spring-petclinic/java-database/working/copy-root/000001F7/bin/bash.semmle.00005F5E.slice.x86_64: replacing existing signature
[T 13:30:11 24414] Reading configuration file /Users/cwai/Desktop/spring-petclinic/java-database/working/tracing/compiler-tracing11668440509964073557.spec...
[T 13:30:11 24414] Initialising tags...
[T 13:30:11 24414] ID set to 0000000000005F5E_0000000000000003 (parent 0000000000005F5E_0000000000000002)
[T 13:30:11 24414] ==== Candidate to intercept: /usr/local/Caskroom/codeql/2.8.4/codeql/java/tools/autobuild.sh (canonical: /usr/local/Caskroom/codeql/2.8.4/codeql/java/tools/autobuild.sh) ====
[T 13:30:11 24449] Attempting to switch stdout/stderr to 3...
/Applications/Xcode.app/Contents/Developer/Toolchains/XcodeDefault.xctoolchain/usr/bin/install_name_tool: warning: changes being made to the file will invalidate the code signature in: /Users/cwai/Desktop/spring-petclinic/java-database/working/copy-root/000001F7/usr/local/Caskroom/codeql/2.8.4/codeql/tools/osx64/java/bin/java.semmle.00005F80.slice.x86_64
/Applications/Xcode.app/Contents/Developer/Toolchains/XcodeDefault.xctoolchain/usr/bin/install_name_tool: warning: changes being made to the file will invalidate the code signature in: /Users/cwai/Desktop/spring-petclinic/java-database/working/copy-root/000001F7/usr/local/Caskroom/codeql/2.8.4/codeql/tools/osx64/java/bin/java.semmle.00005F80.slice.x86_64
/Users/cwai/Desktop/spring-petclinic/java-database/working/copy-root/000001F7/usr/local/Caskroom/codeql/2.8.4/codeql/tools/osx64/java/bin/java.semmle.00005F80.slice.x86_64: replacing existing signature
[T 13:30:12 24448] Reading configuration file /Users/cwai/Desktop/spring-petclinic/java-database/working/tracing/compiler-tracing11668440509964073557.spec...
[T 13:30:12 24448] Initialising tags...
[T 13:30:12 24448] ID set to 0000000000005F80_0000000000000001 (parent 0000000000005F5E_0000000000000003)
[T 13:30:12 24448] ==== Candidate to intercept: /usr/local/Caskroom/codeql/2.8.4/codeql/tools/osx64/java/bin/java (canonical: /usr/local/Caskroom/codeql/2.8.4/codeql/tools/osx64/java/bin/java) ====
[T 13:30:12 24448] Loading extra JVM options from SEMMLE_JAVA_TOOL_OPTIONS instead of in-process variable.
[T 13:30:12 24448] Passing through -javaagent:/usr/local/Caskroom/codeql/2.8.4/codeql/java/tools/codeql-java-agent.jar=ignore-project,java to underlying JVM.
[T 13:30:12 24448] Passing through -Xbootclasspath/a:/usr/local/Caskroom/codeql/2.8.4/codeql/java/tools/codeql-java-agent.jar to underlying JVM.
[T 13:30:12 24448] Intercepted JVM creation with extra hidden args: ['-javaagent:/usr/local/Caskroom/codeql/2.8.4/codeql/java/tools/codeql-java-agent.jar=ignore-project,java' '-Xbootclasspath/a:/usr/local/Caskroom/codeql/2.8.4/codeql/java/tools/codeql-java-agent.jar'] (result: 1, 0).
[T 13:30:12 24457] Attempting to switch stdout/stderr to 20...
/Users/cwai/Desktop/spring-petclinic/java-database/working/copy-root/000001F7/usr/local/Caskroom/codeql/2.8.4/codeql/tools/osx64/java/lib/jspawnhelper.semmle.00005F80.slice.x86_64: replacing existing signature
[T 13:30:12 24461] Reading configuration file /Users/cwai/Desktop/spring-petclinic/java-database/working/tracing/compiler-tracing11668440509964073557.spec...
[T 13:30:12 24461] Initialising tags...
[T 13:30:12 24461] ID set to 0000000000005F8D_0000000000000001 (parent 0000000000005F80_0000000000000001)
[T 13:30:12 24461] ==== Candidate to intercept: /usr/local/Caskroom/codeql/2.8.4/codeql/tools/osx64/java/lib/jspawnhelper (canonical: /usr/local/Caskroom/codeql/2.8.4/codeql/tools/osx64/java/lib/jspawnhelper) ====
[T 13:30:12 24462] Attempting to switch stdout/stderr to 4...
/Users/cwai/Desktop/spring-petclinic/java-database/working/copy-root/000001F7/bin/chmod.semmle.00005F8D.slice.x86_64: replacing existing signature
[T 13:30:13 24461] Reading configuration file /Users/cwai/Desktop/spring-petclinic/java-database/working/tracing/compiler-tracing11668440509964073557.spec...
[T 13:30:13 24461] Initialising tags...
[T 13:30:13 24461] ID set to 0000000000005F8D_0000000000000002 (parent 0000000000005F8D_0000000000000001)
[T 13:30:13 24461] ==== Candidate to intercept: /bin/chmod (canonical: /bin/chmod) ====
[T 13:30:13 24466] Reading configuration file /Users/cwai/Desktop/spring-petclinic/java-database/working/tracing/compiler-tracing11668440509964073557.spec...
[T 13:30:13 24466] Initialising tags...
[T 13:30:13 24466] ID set to 0000000000005F92_0000000000000001 (parent 0000000000005F80_0000000000000001)
[T 13:30:13 24466] ==== Candidate to intercept: /usr/local/Caskroom/codeql/2.8.4/codeql/tools/osx64/java/lib/jspawnhelper (canonical: /usr/local/Caskroom/codeql/2.8.4/codeql/tools/osx64/java/lib/jspawnhelper) ====
[T 13:30:13 24467] Attempting to switch stdout/stderr to 4...
/Users/cwai/Desktop/spring-petclinic/java-database/working/copy-root/000001F7/usr/bin/env.semmle.00005F92.slice.x86_64: replacing existing signature
[T 13:30:13 24466] Reading configuration file /Users/cwai/Desktop/spring-petclinic/java-database/working/tracing/compiler-tracing11668440509964073557.spec...
[T 13:30:13 24466] Initialising tags...
[T 13:30:13 24466] ID set to 0000000000005F92_0000000000000002 (parent 0000000000005F92_0000000000000001)
[T 13:30:13 24466] ==== Candidate to intercept: ./gradlew (canonical: /Users/cwai/Desktop/spring-petclinic/gradlew) ====
[T 13:30:13 24471] Attempting to switch stdout/stderr to 3...
/Users/cwai/Desktop/spring-petclinic/java-database/working/copy-root/000001F7/bin/sh.semmle.00005F92.slice.x86_64: replacing existing signature
[T 13:30:13 24466] Reading configuration file /Users/cwai/Desktop/spring-petclinic/java-database/working/tracing/compiler-tracing11668440509964073557.spec...
[T 13:30:13 24466] Initialising tags...
[T 13:30:13 24466] ID set to 0000000000005F92_0000000000000003 (parent 0000000000005F92_0000000000000002)
[T 13:30:13 24466] ==== Candidate to intercept: /bin/sh (canonical: /bin/sh) ====
[T 13:30:13 24466] Reading configuration file /Users/cwai/Desktop/spring-petclinic/java-database/working/tracing/compiler-tracing11668440509964073557.spec...
[T 13:30:13 24466] Initialising tags...
[T 13:30:13 24466] ID set to 0000000000005F92_0000000000000004 (parent 0000000000005F92_0000000000000003)
[T 13:30:13 24466] ==== Candidate to intercept: /bin/bash (canonical: /bin/bash) ====
[T 13:30:13 24477] Attempting to switch stdout/stderr to 3...
/Users/cwai/Desktop/spring-petclinic/java-database/working/copy-root/000001F7/usr/bin/dirname.semmle.00005F9C.slice.x86_64: replacing existing signature
[T 13:30:13 24476] Reading configuration file /Users/cwai/Desktop/spring-petclinic/java-database/working/tracing/compiler-tracing11668440509964073557.spec...
[T 13:30:13 24476] Initialising tags...
[T 13:30:13 24476] ID set to 0000000000005F9C_0000000000000001 (parent 0000000000005F92_0000000000000004)
[T 13:30:13 24476] ==== Candidate to intercept: /usr/bin/dirname (canonical: /usr/bin/dirname) ====
[T 13:30:13 24483] Attempting to switch stdout/stderr to 3...
/Users/cwai/Desktop/spring-petclinic/java-database/working/copy-root/000001F7/usr/bin/basename.semmle.00005FA2.slice.x86_64: replacing existing signature
[T 13:30:13 24482] Reading configuration file /Users/cwai/Desktop/spring-petclinic/java-database/working/tracing/compiler-tracing11668440509964073557.spec...
[T 13:30:13 24482] Initialising tags...
[T 13:30:13 24482] ID set to 0000000000005FA2_0000000000000001 (parent 0000000000005F92_0000000000000004)
[T 13:30:13 24482] ==== Candidate to intercept: /usr/bin/basename (canonical: /usr/bin/basename) ====
[T 13:30:13 24490] Attempting to switch stdout/stderr to 3...
/Users/cwai/Desktop/spring-petclinic/java-database/working/copy-root/000001F7/usr/bin/uname.semmle.00005FA9.slice.x86_64: replacing existing signature
[T 13:30:13 24489] Reading configuration file /Users/cwai/Desktop/spring-petclinic/java-database/working/tracing/compiler-tracing11668440509964073557.spec...
[T 13:30:13 24489] Initialising tags...
[T 13:30:13 24489] ID set to 0000000000005FA9_0000000000000001 (parent 0000000000005F92_0000000000000004)
[T 13:30:13 24489] ==== Candidate to intercept: /usr/bin/uname (canonical: /usr/bin/uname) ====
[T 13:30:13 24495] Attempting to switch stdout/stderr to 3...
/Users/cwai/Desktop/spring-petclinic/java-database/working/copy-root/000001F7/usr/bin/which.semmle.00005FAE.slice.x86_64: replacing existing signature
[T 13:30:14 24494] Reading configuration file /Users/cwai/Desktop/spring-petclinic/java-database/working/tracing/compiler-tracing11668440509964073557.spec...
[T 13:30:14 24494] Initialising tags...
[T 13:30:14 24494] ID set to 0000000000005FAE_0000000000000001 (parent 0000000000005F92_0000000000000004)
[T 13:30:14 24494] ==== Candidate to intercept: /usr/bin/which (canonical: /usr/bin/which) ====
[T 13:30:14 24502] Attempting to switch stdout/stderr to 3...
/Users/cwai/Desktop/spring-petclinic/java-database/working/copy-root/000001F7/usr/bin/sed.semmle.00005FB5.slice.x86_64: replacing existing signature
[T 13:30:14 24501] Reading configuration file /Users/cwai/Desktop/spring-petclinic/java-database/working/tracing/compiler-tracing11668440509964073557.spec...
[T 13:30:14 24501] Initialising tags...
[T 13:30:14 24501] ID set to 0000000000005FB5_0000000000000001 (parent 0000000000005F92_0000000000000004)
[T 13:30:14 24501] ==== Candidate to intercept: /usr/bin/sed (canonical: /usr/bin/sed) ====
[T 13:30:14 24507] Reading configuration file /Users/cwai/Desktop/spring-petclinic/java-database/working/tracing/compiler-tracing11668440509964073557.spec...
[T 13:30:14 24507] Initialising tags...
[T 13:30:14 24507] ID set to 0000000000005FBB_0000000000000001 (parent 0000000000005F92_0000000000000004)
[T 13:30:14 24507] ==== Candidate to intercept: /usr/bin/sed (canonical: /usr/bin/sed) ====
[T 13:30:14 24509] Reading configuration file /Users/cwai/Desktop/spring-petclinic/java-database/working/tracing/compiler-tracing11668440509964073557.spec...
[T 13:30:14 24509] Initialising tags...
[T 13:30:14 24509] ID set to 0000000000005FBD_0000000000000001 (parent 0000000000005F92_0000000000000004)
[T 13:30:14 24509] ==== Candidate to intercept: /usr/bin/sed (canonical: /usr/bin/sed) ====
[T 13:30:14 24511] Reading configuration file /Users/cwai/Desktop/spring-petclinic/java-database/working/tracing/compiler-tracing11668440509964073557.spec...
[T 13:30:14 24511] Initialising tags...
[T 13:30:14 24511] ID set to 0000000000005FBF_0000000000000001 (parent 0000000000005F92_0000000000000004)
[T 13:30:14 24511] ==== Candidate to intercept: /usr/bin/sed (canonical: /usr/bin/sed) ====
[T 13:30:14 24513] Reading configuration file /Users/cwai/Desktop/spring-petclinic/java-database/working/tracing/compiler-tracing11668440509964073557.spec...
[T 13:30:14 24513] Initialising tags...
[T 13:30:14 24513] ID set to 0000000000005FC1_0000000000000001 (parent 0000000000005F92_0000000000000004)
[T 13:30:14 24513] ==== Candidate to intercept: /usr/bin/sed (canonical: /usr/bin/sed) ====
[T 13:30:14 24515] Reading configuration file /Users/cwai/Desktop/spring-petclinic/java-database/working/tracing/compiler-tracing11668440509964073557.spec...
[T 13:30:14 24515] Initialising tags...
[T 13:30:14 24515] ID set to 0000000000005FC3_0000000000000001 (parent 0000000000005F92_0000000000000004)
[T 13:30:14 24515] ==== Candidate to intercept: /usr/bin/sed (canonical: /usr/bin/sed) ====
[T 13:30:14 24516] Attempting to switch stdout/stderr to 3...
/Users/cwai/Desktop/spring-petclinic/java-database/working/copy-root/000001F7/usr/bin/java.semmle.00005F92.slice.x86_64: replacing existing signature
[T 13:30:14 24466] Reading configuration file /Users/cwai/Desktop/spring-petclinic/java-database/working/tracing/compiler-tracing11668440509964073557.spec...
[T 13:30:14 24466] Initialising tags...
[T 13:30:14 24466] ID set to 0000000000005F92_0000000000000005 (parent 0000000000005F92_0000000000000004)
[T 13:30:14 24466] ==== Candidate to intercept: /usr/bin/java (canonical: /usr/bin/java) ====
[T 13:30:14 24521] Attempting to switch stdout/stderr to 3...
/Applications/Xcode.app/Contents/Developer/Toolchains/XcodeDefault.xctoolchain/usr/bin/install_name_tool: warning: changes being made to the file will invalidate the code signature in: /Users/cwai/Desktop/spring-petclinic/java-database/working/copy-root/000001F7/Library/Java/JavaVirtualMachines/jdk-15.0.2.jdk/Contents/Home/bin/java.semmle.00005F92.slice.x86_64
/Applications/Xcode.app/Contents/Developer/Toolchains/XcodeDefault.xctoolchain/usr/bin/install_name_tool: warning: changes being made to the file will invalidate the code signature in: /Users/cwai/Desktop/spring-petclinic/java-database/working/copy-root/000001F7/Library/Java/JavaVirtualMachines/jdk-15.0.2.jdk/Contents/Home/bin/java.semmle.00005F92.slice.x86_64
/Users/cwai/Desktop/spring-petclinic/java-database/working/copy-root/000001F7/Library/Java/JavaVirtualMachines/jdk-15.0.2.jdk/Contents/Home/bin/java.semmle.00005F92.slice.x86_64: replacing existing signature
[T 13:30:14 24466] Reading configuration file /Users/cwai/Desktop/spring-petclinic/java-database/working/tracing/compiler-tracing11668440509964073557.spec...
[T 13:30:14 24466] Initialising tags...
[T 13:30:14 24466] ID set to 0000000000005F92_0000000000000006 (parent 0000000000005F92_0000000000000005)
[T 13:30:14 24466] ==== Candidate to intercept: /Library/Java/JavaVirtualMachines/jdk-15.0.2.jdk/Contents/Home/bin/java (canonical: /Library/Java/JavaVirtualMachines/jdk-15.0.2.jdk/Contents/Home/bin/java) ====
[T 13:30:14 24466] Loading extra JVM options from SEMMLE_JAVA_TOOL_OPTIONS instead of in-process variable.
[T 13:30:14 24466] Passing through -javaagent:/usr/local/Caskroom/codeql/2.8.4/codeql/java/tools/codeql-java-agent.jar=ignore-project,java to underlying JVM.
[T 13:30:14 24466] Passing through -Xbootclasspath/a:/usr/local/Caskroom/codeql/2.8.4/codeql/java/tools/codeql-java-agent.jar to underlying JVM.
[T 13:30:15 24466] Intercepted JVM creation with extra hidden args: ['-javaagent:/usr/local/Caskroom/codeql/2.8.4/codeql/java/tools/codeql-java-agent.jar=ignore-project,java' '-Xbootclasspath/a:/usr/local/Caskroom/codeql/2.8.4/codeql/java/tools/codeql-java-agent.jar'] (result: 1, 0).
[T 13:30:16 24535] Attempting to switch stdout/stderr to 145...
/Users/cwai/Desktop/spring-petclinic/java-database/working/copy-root/000001F7/Library/Java/JavaVirtualMachines/jdk-15.0.2.jdk/Contents/Home/lib/jspawnhelper.semmle.00005F92.slice.x86_64: replacing existing signature
[T 13:30:16 24539] Reading configuration file /Users/cwai/Desktop/spring-petclinic/java-database/working/tracing/compiler-tracing11668440509964073557.spec...
[T 13:30:16 24539] Initialising tags...
[T 13:30:16 24539] ID set to 0000000000005FDB_0000000000000001 (parent 0000000000005F92_0000000000000006)
[T 13:30:16 24539] ==== Candidate to intercept: /Library/Java/JavaVirtualMachines/jdk-15.0.2.jdk/Contents/Home/lib/jspawnhelper (canonical: /Library/Java/JavaVirtualMachines/jdk-15.0.2.jdk/Contents/Home/lib/jspawnhelper) ====
[T 13:30:16 24539] Reading configuration file /Users/cwai/Desktop/spring-petclinic/java-database/working/tracing/compiler-tracing11668440509964073557.spec...
[T 13:30:16 24539] Initialising tags...
[T 13:30:16 24539] ID set to 0000000000005FDB_0000000000000002 (parent 0000000000005FDB_0000000000000001)
[T 13:30:16 24539] ==== Candidate to intercept: /Library/Java/JavaVirtualMachines/jdk-15.0.2.jdk/Contents/Home/bin/java (canonical: /Library/Java/JavaVirtualMachines/jdk-15.0.2.jdk/Contents/Home/bin/java) ====
[T 13:30:16 24539] Loading extra JVM options from SEMMLE_JAVA_TOOL_OPTIONS instead of in-process variable.
[T 13:30:16 24539] Passing through -javaagent:/usr/local/Caskroom/codeql/2.8.4/codeql/java/tools/codeql-java-agent.jar=ignore-project,java to underlying JVM.
[T 13:30:16 24539] Passing through -Xbootclasspath/a:/usr/local/Caskroom/codeql/2.8.4/codeql/java/tools/codeql-java-agent.jar to underlying JVM.
[T 13:30:16 24539] Intercepted JVM creation with extra hidden args: ['-javaagent:/usr/local/Caskroom/codeql/2.8.4/codeql/java/tools/codeql-java-agent.jar=ignore-project,java' '-Xbootclasspath/a:/usr/local/Caskroom/codeql/2.8.4/codeql/java/tools/codeql-java-agent.jar'] (result: 1, 0).
[T 13:30:22 24557] Reading configuration file /Users/cwai/Desktop/spring-petclinic/java-database/working/tracing/compiler-tracing11668440509964073557.spec...
[T 13:30:22 24557] Initialising tags...
[T 13:30:22 24557] ID set to 0000000000005FED_0000000000000001 (parent 0000000000005F80_0000000000000001)
[T 13:30:22 24557] ==== Candidate to intercept: /usr/local/Caskroom/codeql/2.8.4/codeql/tools/osx64/java/lib/jspawnhelper (canonical: /usr/local/Caskroom/codeql/2.8.4/codeql/tools/osx64/java/lib/jspawnhelper) ====
[T 13:30:22 24557] Reading configuration file /Users/cwai/Desktop/spring-petclinic/java-database/working/tracing/compiler-tracing11668440509964073557.spec...
[T 13:30:22 24557] Initialising tags...
[T 13:30:22 24557] ID set to 0000000000005FED_0000000000000002 (parent 0000000000005FED_0000000000000001)
[T 13:30:22 24557] ==== Candidate to intercept: ./gradlew (canonical: /Users/cwai/Desktop/spring-petclinic/gradlew) ====
[T 13:30:22 24557] Reading configuration file /Users/cwai/Desktop/spring-petclinic/java-database/working/tracing/compiler-tracing11668440509964073557.spec...
[T 13:30:22 24557] Initialising tags...
[T 13:30:22 24557] ID set to 0000000000005FED_0000000000000003 (parent 0000000000005FED_0000000000000002)
[T 13:30:22 24557] ==== Candidate to intercept: /bin/sh (canonical: /bin/sh) ====
[T 13:30:22 24557] Reading configuration file /Users/cwai/Desktop/spring-petclinic/java-database/working/tracing/compiler-tracing11668440509964073557.spec...
[T 13:30:22 24557] Initialising tags...
[T 13:30:22 24557] ID set to 0000000000005FED_0000000000000004 (parent 0000000000005FED_0000000000000003)
[T 13:30:22 24557] ==== Candidate to intercept: /bin/bash (canonical: /bin/bash) ====
[T 13:30:22 24559] Reading configuration file /Users/cwai/Desktop/spring-petclinic/java-database/working/tracing/compiler-tracing11668440509964073557.spec...
[T 13:30:22 24559] Initialising tags...
[T 13:30:22 24559] ID set to 0000000000005FEF_0000000000000001 (parent 0000000000005FED_0000000000000004)
[T 13:30:22 24559] ==== Candidate to intercept: /usr/bin/dirname (canonical: /usr/bin/dirname) ====
[T 13:30:22 24561] Reading configuration file /Users/cwai/Desktop/spring-petclinic/java-database/working/tracing/compiler-tracing11668440509964073557.spec...
[T 13:30:22 24561] Initialising tags...
[T 13:30:22 24561] ID set to 0000000000005FF1_0000000000000001 (parent 0000000000005FED_0000000000000004)
[T 13:30:22 24561] ==== Candidate to intercept: /usr/bin/basename (canonical: /usr/bin/basename) ====
[T 13:30:22 24562] Reading configuration file /Users/cwai/Desktop/spring-petclinic/java-database/working/tracing/compiler-tracing11668440509964073557.spec...
[T 13:30:22 24562] Initialising tags...
[T 13:30:22 24562] ID set to 0000000000005FF2_0000000000000001 (parent 0000000000005FED_0000000000000004)
[T 13:30:22 24562] ==== Candidate to intercept: /usr/bin/uname (canonical: /usr/bin/uname) ====
[T 13:30:22 24563] Reading configuration file /Users/cwai/Desktop/spring-petclinic/java-database/working/tracing/compiler-tracing11668440509964073557.spec...
[T 13:30:22 24563] Initialising tags...
[T 13:30:22 24563] ID set to 0000000000005FF3_0000000000000001 (parent 0000000000005FED_0000000000000004)
[T 13:30:22 24563] ==== Candidate to intercept: /usr/bin/which (canonical: /usr/bin/which) ====
[T 13:30:22 24566] Reading configuration file /Users/cwai/Desktop/spring-petclinic/java-database/working/tracing/compiler-tracing11668440509964073557.spec...
[T 13:30:22 24566] Initialising tags...
[T 13:30:22 24566] ID set to 0000000000005FF6_0000000000000001 (parent 0000000000005FED_0000000000000004)
[T 13:30:22 24566] ==== Candidate to intercept: /usr/bin/sed (canonical: /usr/bin/sed) ====
[T 13:30:22 24568] Reading configuration file /Users/cwai/Desktop/spring-petclinic/java-database/working/tracing/compiler-tracing11668440509964073557.spec...
[T 13:30:22 24568] Initialising tags...
[T 13:30:22 24568] ID set to 0000000000005FF8_0000000000000001 (parent 0000000000005FED_0000000000000004)
[T 13:30:22 24568] ==== Candidate to intercept: /usr/bin/sed (canonical: /usr/bin/sed) ====
[T 13:30:22 24570] Reading configuration file /Users/cwai/Desktop/spring-petclinic/java-database/working/tracing/compiler-tracing11668440509964073557.spec...
[T 13:30:22 24570] Initialising tags...
[T 13:30:22 24570] ID set to 0000000000005FFA_0000000000000001 (parent 0000000000005FED_0000000000000004)
[T 13:30:22 24570] ==== Candidate to intercept: /usr/bin/sed (canonical: /usr/bin/sed) ====
[T 13:30:22 24572] Reading configuration file /Users/cwai/Desktop/spring-petclinic/java-database/working/tracing/compiler-tracing11668440509964073557.spec...
[T 13:30:22 24572] Initialising tags...
[T 13:30:22 24572] ID set to 0000000000005FFC_0000000000000001 (parent 0000000000005FED_0000000000000004)
[T 13:30:22 24572] ==== Candidate to intercept: /usr/bin/sed (canonical: /usr/bin/sed) ====
[T 13:30:22 24574] Reading configuration file /Users/cwai/Desktop/spring-petclinic/java-database/working/tracing/compiler-tracing11668440509964073557.spec...
[T 13:30:22 24574] Initialising tags...
[T 13:30:22 24574] ID set to 0000000000005FFE_0000000000000001 (parent 0000000000005FED_0000000000000004)
[T 13:30:22 24574] ==== Candidate to intercept: /usr/bin/sed (canonical: /usr/bin/sed) ====
[T 13:30:22 24576] Reading configuration file /Users/cwai/Desktop/spring-petclinic/java-database/working/tracing/compiler-tracing11668440509964073557.spec...
[T 13:30:22 24576] Initialising tags...
[T 13:30:22 24576] ID set to 0000000000006000_0000000000000001 (parent 0000000000005FED_0000000000000004)
[T 13:30:22 24576] ==== Candidate to intercept: /usr/bin/sed (canonical: /usr/bin/sed) ====
[T 13:30:22 24557] Reading configuration file /Users/cwai/Desktop/spring-petclinic/java-database/working/tracing/compiler-tracing11668440509964073557.spec...
[T 13:30:22 24557] Initialising tags...
[T 13:30:22 24557] ID set to 0000000000005FED_0000000000000005 (parent 0000000000005FED_0000000000000004)
[T 13:30:22 24557] ==== Candidate to intercept: /usr/bin/java (canonical: /usr/bin/java) ====
[T 13:30:22 24557] Reading configuration file /Users/cwai/Desktop/spring-petclinic/java-database/working/tracing/compiler-tracing11668440509964073557.spec...
[T 13:30:22 24557] Initialising tags...
[T 13:30:22 24557] ID set to 0000000000005FED_0000000000000006 (parent 0000000000005FED_0000000000000005)
[T 13:30:22 24557] ==== Candidate to intercept: /Library/Java/JavaVirtualMachines/jdk-15.0.2.jdk/Contents/Home/bin/java (canonical: /Library/Java/JavaVirtualMachines/jdk-15.0.2.jdk/Contents/Home/bin/java) ====
[T 13:30:22 24557] Loading extra JVM options from SEMMLE_JAVA_TOOL_OPTIONS instead of in-process variable.
[T 13:30:22 24557] Passing through -javaagent:/usr/local/Caskroom/codeql/2.8.4/codeql/java/tools/codeql-java-agent.jar=ignore-project,java to underlying JVM.
[T 13:30:22 24557] Passing through -Xbootclasspath/a:/usr/local/Caskroom/codeql/2.8.4/codeql/java/tools/codeql-java-agent.jar to underlying JVM.
[T 13:30:22 24557] Intercepted JVM creation with extra hidden args: ['-javaagent:/usr/local/Caskroom/codeql/2.8.4/codeql/java/tools/codeql-java-agent.jar=ignore-project,java' '-Xbootclasspath/a:/usr/local/Caskroom/codeql/2.8.4/codeql/java/tools/codeql-java-agent.jar'] (result: 1, 0).
[T 13:30:23 24577] Reading configuration file /Users/cwai/Desktop/spring-petclinic/java-database/working/tracing/compiler-tracing11668440509964073557.spec...
[T 13:30:23 24577] Initialising tags...
[T 13:30:23 24577] ID set to 0000000000006001_0000000000000001 (parent 0000000000005FED_0000000000000006)
[T 13:30:23 24577] ==== Candidate to intercept: /Library/Java/JavaVirtualMachines/jdk-15.0.2.jdk/Contents/Home/lib/jspawnhelper (canonical: /Library/Java/JavaVirtualMachines/jdk-15.0.2.jdk/Contents/Home/lib/jspawnhelper) ====
[T 13:30:23 24577] Reading configuration file /Users/cwai/Desktop/spring-petclinic/java-database/working/tracing/compiler-tracing11668440509964073557.spec...
[T 13:30:23 24577] Initialising tags...
[T 13:30:23 24577] ID set to 0000000000006001_0000000000000002 (parent 0000000000006001_0000000000000001)
[T 13:30:23 24577] ==== Candidate to intercept: /Library/Java/JavaVirtualMachines/jdk-15.0.2.jdk/Contents/Home/bin/java (canonical: /Library/Java/JavaVirtualMachines/jdk-15.0.2.jdk/Contents/Home/bin/java) ====
[T 13:30:23 24577] Loading extra JVM options from SEMMLE_JAVA_TOOL_OPTIONS instead of in-process variable.
[T 13:30:23 24577] Passing through -javaagent:/usr/local/Caskroom/codeql/2.8.4/codeql/java/tools/codeql-java-agent.jar=ignore-project,java to underlying JVM.
[T 13:30:23 24577] Passing through -Xbootclasspath/a:/usr/local/Caskroom/codeql/2.8.4/codeql/java/tools/codeql-java-agent.jar to underlying JVM.
[T 13:30:23 24577] Intercepted JVM creation with extra hidden args: ['-javaagent:/usr/local/Caskroom/codeql/2.8.4/codeql/java/tools/codeql-java-agent.jar=ignore-project,java' '-Xbootclasspath/a:/usr/local/Caskroom/codeql/2.8.4/codeql/java/tools/codeql-java-agent.jar'] (result: 1, 0).
[T 13:30:32 24596] Reading configuration file /Users/cwai/Desktop/spring-petclinic/java-database/working/tracing/compiler-tracing11668440509964073557.spec...
[T 13:30:32 24596] Initialising tags...
[T 13:30:32 24596] ID set to 0000000000006014_0000000000000001 (parent 0000000000006001_0000000000000002)
[T 13:30:32 24596] ==== Candidate to intercept: /Library/Java/JavaVirtualMachines/jdk-15.0.2.jdk/Contents/Home/lib/jspawnhelper (canonical: /Library/Java/JavaVirtualMachines/jdk-15.0.2.jdk/Contents/Home/lib/jspawnhelper) ====
[T 13:30:32 24596] Reading configuration file /Users/cwai/Desktop/spring-petclinic/java-database/working/tracing/compiler-tracing11668440509964073557.spec...
[T 13:30:32 24596] Initialising tags...
[T 13:30:32 24596] ID set to 0000000000006014_0000000000000002 (parent 0000000000006014_0000000000000001)
[T 13:30:32 24596] ==== Candidate to intercept: /Library/Java/JavaVirtualMachines/jdk-15.0.2.jdk/Contents/Home/bin/java (canonical: /Library/Java/JavaVirtualMachines/jdk-15.0.2.jdk/Contents/Home/bin/java) ====
[T 13:30:32 24596] Loading extra JVM options from SEMMLE_JAVA_TOOL_OPTIONS instead of in-process variable.
[T 13:30:32 24596] Passing through -javaagent:/usr/local/Caskroom/codeql/2.8.4/codeql/java/tools/codeql-java-agent.jar=ignore-project,java to underlying JVM.
[T 13:30:32 24596] Passing through -Xbootclasspath/a:/usr/local/Caskroom/codeql/2.8.4/codeql/java/tools/codeql-java-agent.jar to underlying JVM.
[T 13:30:32 24596] Intercepted JVM creation with extra hidden args: ['-javaagent:/usr/local/Caskroom/codeql/2.8.4/codeql/java/tools/codeql-java-agent.jar=ignore-project,java' '-Xbootclasspath/a:/usr/local/Caskroom/codeql/2.8.4/codeql/java/tools/codeql-java-agent.jar'] (result: 1, 0).
[T 13:30:53 24630] Reading configuration file /Users/cwai/Desktop/spring-petclinic/java-database/working/tracing/compiler-tracing11668440509964073557.spec...
[T 13:30:53 24630] Initialising tags...
[T 13:30:53 24630] ID set to 0000000000006036_0000000000000001 (parent 0000000000006001_0000000000000002)
[T 13:30:53 24630] ==== Candidate to intercept: /Library/Java/JavaVirtualMachines/jdk-15.0.2.jdk/Contents/Home/lib/jspawnhelper (canonical: /Library/Java/JavaVirtualMachines/jdk-15.0.2.jdk/Contents/Home/lib/jspawnhelper) ====
[T 13:30:53 24630] Reading configuration file /Users/cwai/Desktop/spring-petclinic/java-database/working/tracing/compiler-tracing11668440509964073557.spec...
[T 13:30:53 24630] Initialising tags...
[T 13:30:53 24630] ID set to 0000000000006036_0000000000000002 (parent 0000000000006036_0000000000000001)
[T 13:30:53 24630] ==== Candidate to intercept: /Library/Java/JavaVirtualMachines/jdk-15.0.2.jdk/Contents/Home/bin/java (canonical: /Library/Java/JavaVirtualMachines/jdk-15.0.2.jdk/Contents/Home/bin/java) ====
[T 13:30:53 24630] Loading extra JVM options from SEMMLE_JAVA_TOOL_OPTIONS instead of in-process variable.
[T 13:30:53 24630] Passing through -javaagent:/usr/local/Caskroom/codeql/2.8.4/codeql/java/tools/codeql-java-agent.jar=ignore-project,java to underlying JVM.
[T 13:30:53 24630] Passing through -Xbootclasspath/a:/usr/local/Caskroom/codeql/2.8.4/codeql/java/tools/codeql-java-agent.jar to underlying JVM.
[T 13:30:54 24630] Intercepted JVM creation with extra hidden args: ['-javaagent:/usr/local/Caskroom/codeql/2.8.4/codeql/java/tools/codeql-java-agent.jar=ignore-project,java' '-Xbootclasspath/a:/usr/local/Caskroom/codeql/2.8.4/codeql/java/tools/codeql-java-agent.jar'] (result: 1, 0).
